This is pdfTeX, Version 3.1415926-2.5-1.40.14 (MiKTeX 2.9 64-bit) (preloaded format=latex 2015.2.1)  25 NOV 2018 19:18
entering extended mode
**\scrollmode

*
(Please type a command or say `\end')
*\documentclass[12pt]{article}

*\usepackage{ifluatex}\ifluatex
("C:\Program Files\MiKTeX 2.9\tex\latex\base\article.cls"
Document Class: article 2014/09/29 v1.4h Standard LaTeX document class
("C:\Program Files\MiKTeX 2.9\tex\latex\base\size12.clo"
File: size12.clo 2014/09/29 v1.4h Standard LaTeX file (size option)
)
\c@part=\count79
\c@section=\count80
\c@subsection=\count81
\c@subsubsection=\count82
\c@paragraph=\count83
\c@subparagraph=\count84
\c@figure=\count85
\c@table=\count86
\abovecaptionskip=\skip41
\belowcaptionskip=\skip42
\bibindent=\dimen102
)
("C:\Program Files\MiKTeX 2.9\tex\generic\oberdiek\ifluatex.sty"
Package: ifluatex 2010/03/01 v1.3 Provides the ifluatex switch (HO)
Package ifluatex Info: LuaTeX not detected.
)
*\ifx\pdfpagewidth\undefined\let\pdfpagewidth\paperwidth\fi

*\ifx\pdfpageheight\undefined\let\pdfpageheight\paperheight\fi\else

*\let\paperwidthsave\paperwidth\let\paperwidth\undefined

*\usepackage{graphicx}

*\let\paperwidth\paperwidthsave\fi
("C:\Program Files\MiKTeX 2.9\tex\latex\graphics\graphicx.sty"
Package: graphicx 2014/10/28 v1.0g Enhanced LaTeX Graphics (DPC,SPQR)

("C:\Program Files\MiKTeX 2.9\tex\latex\graphics\keyval.sty"
Package: keyval 2014/10/28 v1.15 key=value parser (DPC)
\KV@toks@=\toks14
)
("C:\Program Files\MiKTeX 2.9\tex\latex\graphics\graphics.sty"
Package: graphics 2014/10/28 v1.0p Standard LaTeX Graphics (DPC,SPQR)

("C:\Program Files\MiKTeX 2.9\tex\latex\graphics\trig.sty"
Package: trig 1999/03/16 v1.09 sin cos tan (DPC)
)
("C:\Program Files\MiKTeX 2.9\tex\latex\00miktex\graphics.cfg"
File: graphics.cfg 2007/01/18 v1.5 graphics configuration of teTeX/TeXLive
)
Package graphics Info: Driver file: dvips.def on input line 91.

("C:\Program Files\MiKTeX 2.9\tex\latex\graphics\dvips.def"
File: dvips.def 2014/10/14 v3.0j Driver-dependent file (DPC,SPQR)
))
\Gin@req@height=\dimen103
\Gin@req@width=\dimen104
)
*\newbox\ASYbox
\ASYbox=\box26

*\newdimen\ASYdimen
\ASYdimen=\dimen105

*\def\ASYprefix{}

*\long\def\ASYbase#1#2{\leavevmode\setbox\ASYbox=\hbox{#1}%\ASYdimen=\ht\ASYbox
%

*\setbox\ASYbox=\hbox{#2}\lower\ASYdimen\box\ASYbox}

*\usepackage{graphicx}

*\begin{document}
(C:\Documents\Teaching\CS5200\2018-19\Classes\Class09\texput.aux)
LaTeX Font Info:    Checking defaults for OML/cmm/m/it on input line 0.
LaTeX Font Info:    ... okay on input line 0.
LaTeX Font Info:    Checking defaults for T1/cmr/m/n on input line 0.
LaTeX Font Info:    ... okay on input line 0.
LaTeX Font Info:    Checking defaults for OT1/cmr/m/n on input line 0.
LaTeX Font Info:    ... okay on input line 0.
LaTeX Font Info:    Checking defaults for OMS/cmsy/m/n on input line 0.
LaTeX Font Info:    ... okay on input line 0.
LaTeX Font Info:    Checking defaults for OMX/cmex/m/n on input line 0.
LaTeX Font Info:    ... okay on input line 0.
LaTeX Font Info:    Checking defaults for U/cmr/m/n on input line 0.
LaTeX Font Info:    ... okay on input line 0.

*\makeatletter%

*\let\ASYencoding\f@encoding%

*\let\ASYfamily\f@family%

*\let\ASYseries\f@series%

*\let\ASYshape\f@shape%

*\makeatother%

*\fontsize{10}{12}\selectfont

*
(Please type a command or say `\end')
*\usefont{OT1}{phv}{m}{n}%
LaTeX Font Info:    Try loading font information for OT1+phv on input line 0.
("C:\Program Files\MiKTeX 2.9\tex\latex\psnfss\ot1phv.fd"
File: ot1phv.fd 2001/06/04 scalable font definitions for OT1/phv.
)
*
(Please type a command or say `\end')
*\setbox\ASYbox=\hbox{0}

*
(Please type a command or say `\end')
*\immediate\write16{>dim(\the\wd\ASYbox)dim}
>dim(5.55994pt)dim

*\immediate\write16{>dim(\the\ht\ASYbox)dim}
>dim(7.0449pt)dim

*\immediate\write16{>dim(\the\dp\ASYbox)dim}
>dim(0.16492pt)dim

*\fontsize{10}{12}\selectfont

*
(Please type a command or say `\end')
*\usefont{OT1}{phv}{m}{n}%

*
(Please type a command or say `\end')
*\setbox\ASYbox=\hbox{0}

*
(Please type a command or say `\end')
*\immediate\write16{>dim(\the\wd\ASYbox)dim}
>dim(5.55994pt)dim

*\immediate\write16{>dim(\the\ht\ASYbox)dim}
>dim(7.0449pt)dim

*\immediate\write16{>dim(\the\dp\ASYbox)dim}
>dim(0.16492pt)dim

*\fontsize{10}{12}\selectfont

*
(Please type a command or say `\end')
*\usefont{OT1}{phv}{m}{n}%

*
(Please type a command or say `\end')
*\setbox\ASYbox=\hbox{100}

*
(Please type a command or say `\end')
*\immediate\write16{>dim(\the\wd\ASYbox)dim}
>dim(16.67981pt)dim

*\immediate\write16{>dim(\the\ht\ASYbox)dim}
>dim(7.0449pt)dim

*\immediate\write16{>dim(\the\dp\ASYbox)dim}
>dim(0.16492pt)dim

*\fontsize{10}{12}\selectfont

*
(Please type a command or say `\end')
*\usefont{OT1}{phv}{m}{n}%

*
(Please type a command or say `\end')
*\setbox\ASYbox=\hbox{0}

*
(Please type a command or say `\end')
*\immediate\write16{>dim(\the\wd\ASYbox)dim}
>dim(5.55994pt)dim

*\immediate\write16{>dim(\the\ht\ASYbox)dim}
>dim(7.0449pt)dim

*\immediate\write16{>dim(\the\dp\ASYbox)dim}
>dim(0.16492pt)dim

*\fontsize{10}{12}\selectfont

*
(Please type a command or say `\end')
*\usefont{OT1}{phv}{m}{n}%

*
(Please type a command or say `\end')
*\setbox\ASYbox=\hbox{0}

*
(Please type a command or say `\end')
*\immediate\write16{>dim(\the\wd\ASYbox)dim}
>dim(5.55994pt)dim

*\immediate\write16{>dim(\the\ht\ASYbox)dim}
>dim(7.0449pt)dim

*\immediate\write16{>dim(\the\dp\ASYbox)dim}
>dim(0.16492pt)dim

*\fontsize{10}{12}\selectfont

*
(Please type a command or say `\end')
*\usefont{OT1}{phv}{m}{n}%

*
(Please type a command or say `\end')
*\setbox\ASYbox=\hbox{0}

*
(Please type a command or say `\end')
*\immediate\write16{>dim(\the\wd\ASYbox)dim}
>dim(5.55994pt)dim

*\immediate\write16{>dim(\the\ht\ASYbox)dim}
>dim(7.0449pt)dim

*\immediate\write16{>dim(\the\dp\ASYbox)dim}
>dim(0.16492pt)dim

*\fontsize{10}{12}\selectfont

*
(Please type a command or say `\end')
*\usefont{OT1}{phv}{m}{n}%

*
(Please type a command or say `\end')
*\setbox\ASYbox=\hbox{0}

*
(Please type a command or say `\end')
*\immediate\write16{>dim(\the\wd\ASYbox)dim}
>dim(5.55994pt)dim

*\immediate\write16{>dim(\the\ht\ASYbox)dim}
>dim(7.0449pt)dim

*\immediate\write16{>dim(\the\dp\ASYbox)dim}
>dim(0.16492pt)dim

*\fontsize{10}{12}\selectfont

*
(Please type a command or say `\end')
*\usefont{OT1}{phv}{m}{n}%

*
(Please type a command or say `\end')
*\setbox\ASYbox=\hbox{0}

*
(Please type a command or say `\end')
*\immediate\write16{>dim(\the\wd\ASYbox)dim}
>dim(5.55994pt)dim

*\immediate\write16{>dim(\the\ht\ASYbox)dim}
>dim(7.0449pt)dim

*\immediate\write16{>dim(\the\dp\ASYbox)dim}
>dim(0.16492pt)dim

*\fontsize{10}{12}\selectfont

*
(Please type a command or say `\end')
*\usefont{OT1}{phv}{m}{n}%

*
(Please type a command or say `\end')
*\setbox\ASYbox=\hbox{0}

*
(Please type a command or say `\end')
*\immediate\write16{>dim(\the\wd\ASYbox)dim}
>dim(5.55994pt)dim

*\immediate\write16{>dim(\the\ht\ASYbox)dim}
>dim(7.0449pt)dim

*\immediate\write16{>dim(\the\dp\ASYbox)dim}
>dim(0.16492pt)dim

*\fontsize{10}{12}\selectfont

*
(Please type a command or say `\end')
*\usefont{OT1}{phv}{m}{n}%

*
(Please type a command or say `\end')
*\setbox\ASYbox=\hbox{0}

*
(Please type a command or say `\end')
*\immediate\write16{>dim(\the\wd\ASYbox)dim}
>dim(5.55994pt)dim

*\immediate\write16{>dim(\the\ht\ASYbox)dim}
>dim(7.0449pt)dim

*\immediate\write16{>dim(\the\dp\ASYbox)dim}
>dim(0.16492pt)dim

*\fontsize{10}{12}\selectfont

*
(Please type a command or say `\end')
*\usefont{OT1}{phv}{m}{n}%

*
(Please type a command or say `\end')
*\setbox\ASYbox=\hbox{0}

*
(Please type a command or say `\end')
*\immediate\write16{>dim(\the\wd\ASYbox)dim}
>dim(5.55994pt)dim

*\immediate\write16{>dim(\the\ht\ASYbox)dim}
>dim(7.0449pt)dim

*\immediate\write16{>dim(\the\dp\ASYbox)dim}
>dim(0.16492pt)dim

*\fontsize{10}{12}\selectfont

*
(Please type a command or say `\end')
*\usefont{OT1}{phv}{m}{n}%

*
(Please type a command or say `\end')
*\setbox\ASYbox=\hbox{100}

*
(Please type a command or say `\end')
*\immediate\write16{>dim(\the\wd\ASYbox)dim}
>dim(16.67981pt)dim

*\immediate\write16{>dim(\the\ht\ASYbox)dim}
>dim(7.0449pt)dim

*\immediate\write16{>dim(\the\dp\ASYbox)dim}
>dim(0.16492pt)dim

*\fontsize{10}{12}\selectfont

*
(Please type a command or say `\end')
*\usefont{OT1}{phv}{m}{n}%

*
(Please type a command or say `\end')
*\setbox\ASYbox=\hbox{0}

*
(Please type a command or say `\end')
*\immediate\write16{>dim(\the\wd\ASYbox)dim}
>dim(5.55994pt)dim

*\immediate\write16{>dim(\the\ht\ASYbox)dim}
>dim(7.0449pt)dim

*\immediate\write16{>dim(\the\dp\ASYbox)dim}
>dim(0.16492pt)dim

*\fontsize{10}{12}\selectfont

*
(Please type a command or say `\end')
*\usefont{OT1}{phv}{m}{n}%

*
(Please type a command or say `\end')
*\setbox\ASYbox=\hbox{0}

*
(Please type a command or say `\end')
*\immediate\write16{>dim(\the\wd\ASYbox)dim}
>dim(5.55994pt)dim

*\immediate\write16{>dim(\the\ht\ASYbox)dim}
>dim(7.0449pt)dim

*\immediate\write16{>dim(\the\dp\ASYbox)dim}
>dim(0.16492pt)dim

*\setbox\ASYbox=\hbox{0}

*
(Please type a command or say `\end')
*\immediate\write16{>dim(\the\wd\ASYbox)dim}
>dim(5.55994pt)dim

*\immediate\write16{>dim(\the\ht\ASYbox)dim}
>dim(7.0449pt)dim

*\immediate\write16{>dim(\the\dp\ASYbox)dim}
>dim(0.16492pt)dim

*\setbox\ASYbox=\hbox{100}

*
(Please type a command or say `\end')
*\immediate\write16{>dim(\the\wd\ASYbox)dim}
>dim(16.67981pt)dim

*\immediate\write16{>dim(\the\ht\ASYbox)dim}
>dim(7.0449pt)dim

*\immediate\write16{>dim(\the\dp\ASYbox)dim}
>dim(0.16492pt)dim

*\setbox\ASYbox=\hbox{0}

*
(Please type a command or say `\end')
*\immediate\write16{>dim(\the\wd\ASYbox)dim}
>dim(5.55994pt)dim

*\immediate\write16{>dim(\the\ht\ASYbox)dim}
>dim(7.0449pt)dim

*\immediate\write16{>dim(\the\dp\ASYbox)dim}
>dim(0.16492pt)dim

*\setbox\ASYbox=\hbox{0}

*
(Please type a command or say `\end')
*\immediate\write16{>dim(\the\wd\ASYbox)dim}
>dim(5.55994pt)dim

*\immediate\write16{>dim(\the\ht\ASYbox)dim}
>dim(7.0449pt)dim

*\immediate\write16{>dim(\the\dp\ASYbox)dim}
>dim(0.16492pt)dim

*\setbox\ASYbox=\hbox{0}

*
(Please type a command or say `\end')
*\immediate\write16{>dim(\the\wd\ASYbox)dim}
>dim(5.55994pt)dim

*\immediate\write16{>dim(\the\ht\ASYbox)dim}
>dim(7.0449pt)dim

*\immediate\write16{>dim(\the\dp\ASYbox)dim}
>dim(0.16492pt)dim

*\setbox\ASYbox=\hbox{0}

*
(Please type a command or say `\end')
*\immediate\write16{>dim(\the\wd\ASYbox)dim}
>dim(5.55994pt)dim

*\immediate\write16{>dim(\the\ht\ASYbox)dim}
>dim(7.0449pt)dim

*\immediate\write16{>dim(\the\dp\ASYbox)dim}
>dim(0.16492pt)dim

*\setbox\ASYbox=\hbox{0}

*
(Please type a command or say `\end')
*\immediate\write16{>dim(\the\wd\ASYbox)dim}
>dim(5.55994pt)dim

*\immediate\write16{>dim(\the\ht\ASYbox)dim}
>dim(7.0449pt)dim

*\immediate\write16{>dim(\the\dp\ASYbox)dim}
>dim(0.16492pt)dim

*\setbox\ASYbox=\hbox{0}

*
(Please type a command or say `\end')
*\immediate\write16{>dim(\the\wd\ASYbox)dim}
>dim(5.55994pt)dim

*\immediate\write16{>dim(\the\ht\ASYbox)dim}
>dim(7.0449pt)dim

*\immediate\write16{>dim(\the\dp\ASYbox)dim}
>dim(0.16492pt)dim

*\setbox\ASYbox=\hbox{0}

*
(Please type a command or say `\end')
*\immediate\write16{>dim(\the\wd\ASYbox)dim}
>dim(5.55994pt)dim

*\immediate\write16{>dim(\the\ht\ASYbox)dim}
>dim(7.0449pt)dim

*\immediate\write16{>dim(\the\dp\ASYbox)dim}
>dim(0.16492pt)dim

*\setbox\ASYbox=\hbox{0}

*
(Please type a command or say `\end')
*\immediate\write16{>dim(\the\wd\ASYbox)dim}
>dim(5.55994pt)dim

*\immediate\write16{>dim(\the\ht\ASYbox)dim}
>dim(7.0449pt)dim

*\immediate\write16{>dim(\the\dp\ASYbox)dim}
>dim(0.16492pt)dim

*\setbox\ASYbox=\hbox{100}

*
(Please type a command or say `\end')
*\immediate\write16{>dim(\the\wd\ASYbox)dim}
>dim(16.67981pt)dim

*\immediate\write16{>dim(\the\ht\ASYbox)dim}
>dim(7.0449pt)dim

*\immediate\write16{>dim(\the\dp\ASYbox)dim}
>dim(0.16492pt)dim

*\setbox\ASYbox=\hbox{0}

*
(Please type a command or say `\end')
*\immediate\write16{>dim(\the\wd\ASYbox)dim}
>dim(5.55994pt)dim

*\immediate\write16{>dim(\the\ht\ASYbox)dim}
>dim(7.0449pt)dim

*\immediate\write16{>dim(\the\dp\ASYbox)dim}
>dim(0.16492pt)dim

*
! Emergency stop.
<*> \immediate\write16{>dim(\the\dp\ASYbox)dim}
                          